Using pre-set license
Built from '2020.3/staging' branch; Version is '2020.3.11f1 (99c7afb366b3) revision 10078127'; Using compiler version '192528614'; Build Type 'Release'
OS: 'Windows 10 Pro; OS build 19042.1052; Version 2009; 64bit' Language: 'en' Physical Memory: 16320 MB
BatchMode: 1, IsHumanControllingUs: 0, StartBugReporterOnCrash: 0, Is64bit: 1, IsPro: 0

 COMMAND LINE ARGUMENTS:
D:\Game Dev\Unity\Engine\2020.3\2020.3.11f1\Editor\Unity.exe
-adb2
-batchMode
-noUpm
-name
AssetImportWorker0
-projectPath
D:/Game Dev/Unity/Projects/Tutorials/3D Sprite Test
-logFile
Logs/AssetImportWorker0.log
-srvPort
62424
Successfully changed project path to: D:/Game Dev/Unity/Projects/Tutorials/3D Sprite Test
D:/Game Dev/Unity/Projects/Tutorials/3D Sprite Test
Using Asset Import Pipeline V2.
Refreshing native plugins compatible for Editor in 60.32 ms, found 2 plugins.
Preloading 0 native plugins for Editor in 0.00 ms.
Initialize engine version: 2020.3.11f1 (99c7afb366b3)
[Subsystems] Discovering subsystems at path D:/Game Dev/Unity/Engine/2020.3/2020.3.11f1/Editor/Data/Resources/UnitySubsystems
[Subsystems] Discovering subsystems at path D:/Game Dev/Unity/Projects/Tutorials/3D Sprite Test/Assets
GfxDevice: creating device client; threaded=0
Direct3D:
    Version:  Direct3D 11.0 [level 11.1]
    Renderer: NVIDIA GeForce GTX 1080 (ID=0x1b80)
    Vendor:   
    VRAM:     8079 MB
    Driver:   27.21.14.6589
Initialize mono
Mono path[0] = 'D:/Game Dev/Unity/Engine/2020.3/2020.3.11f1/Editor/Data/Managed'
Mono path[1] = 'D:/Game Dev/Unity/Engine/2020.3/2020.3.11f1/Editor/Data/MonoBleedingEdge/lib/mono/unityjit'
Mono config path = 'D:/Game Dev/Unity/Engine/2020.3/2020.3.11f1/Editor/Data/MonoBleedingEdge/etc'
Using monoOptions --debugger-agent=transport=dt_socket,embedding=1,server=y,suspend=n,address=127.0.0.1:56220
Begin MonoManager ReloadAssembly
Registering precompiled unity dll's ...
Register platform support module: D:/Game Dev/Unity/Engine/2020.3/2020.3.11f1/Editor/Data/PlaybackEngines/WindowsStandaloneSupport/UnityEditor.WindowsStandalone.Extensions.dll
Registered in 0.001866 seconds.
Native extension for WindowsStandalone target not found
Refreshing native plugins compatible for Editor in 51.27 ms, found 2 plugins.
Preloading 0 native plugins for Editor in 0.00 ms.
Mono: successfully reloaded assembly
- Completed reload, in  2.186 seconds
Platform modules already initialized, skipping
Registering precompiled user dll's ...
Registered in 0.006071 seconds.
Begin MonoManager ReloadAssembly
Native extension for WindowsStandalone target not found
Refreshing native plugins compatible for Editor in 1.03 ms, found 2 plugins.
Preloading 0 native plugins for Editor in 0.00 ms.
Mono: successfully reloaded assembly
- Completed reload, in  1.474 seconds
Platform modules already initialized, skipping
========================================================================
Worker process is ready to serve import requests
Launched and connected shader compiler UnityShaderCompiler.exe after 0.09 seconds
Refreshing native plugins compatible for Editor in 0.92 ms, found 2 plugins.
Preloading 0 native plugins for Editor in 0.00 ms.
Unloading 1937 Unused Serialized files (Serialized files now loaded: 0)
System memory in use before: 80.4 MB.
System memory in use after: 80.5 MB.

Unloading 58 unused Assets to reduce memory usage. Loaded Objects now: 2343.
Total: 6.616200 ms (FindLiveObjects: 0.280900 ms CreateObjectMapping: 0.055900 ms MarkObjects: 6.173900 ms  DeleteObjects: 0.103200 ms)

========================================================================
Received Import Request.
  path: Assets/bluhgawah.wav
  artifactKey: Guid(7f7550a5d2bd18e40823ac6efe93ff24) Importer(815301076,1909f56bfc062723c751e8b465ee728b)
Start importing Assets/bluhgawah.wav using Guid(7f7550a5d2bd18e40823ac6efe93ff24) Importer(815301076,1909f56bfc062723c751e8b465ee728b)  -> (artifact id: '95e7ad5cf739a2cb74c4a033d4aeb89a') in 0.129506 seconds
  Import took 0.133146 seconds .

========================================================================
Received Import Request.
  Time since last request: 0.002526 seconds.
  path: Assets/bluhgawah.wav
  artifactKey: Guid(7f7550a5d2bd18e40823ac6efe93ff24) Importer(815301076,1909f56bfc062723c751e8b465ee728b)
Start importing Assets/bluhgawah.wav using Guid(7f7550a5d2bd18e40823ac6efe93ff24) Importer(815301076,1909f56bfc062723c751e8b465ee728b)  -> (artifact id: '95e7ad5cf739a2cb74c4a033d4aeb89a') in 0.010280 seconds
  Import took 0.014023 seconds .

========================================================================
Received Prepare
Registering precompiled user dll's ...
Registered in 0.005471 seconds.
Begin MonoManager ReloadAssembly
Native extension for WindowsStandalone target not found
Refreshing native plugins compatible for Editor in 0.96 ms, found 2 plugins.
Preloading 0 native plugins for Editor in 0.00 ms.
Mono: successfully reloaded assembly
- Completed reload, in  1.354 seconds
Platform modules already initialized, skipping
Refreshing native plugins compatible for Editor in 1.04 ms, found 2 plugins.
Preloading 0 native plugins for Editor in 0.00 ms.
Unloading 1931 Unused Serialized files (Serialized files now loaded: 0)
System memory in use before: 83.3 MB.
System memory in use after: 83.5 MB.

Unloading 49 unused Assets to reduce memory usage. Loaded Objects now: 2355.
Total: 6.521700 ms (FindLiveObjects: 0.216200 ms CreateObjectMapping: 0.055800 ms MarkObjects: 6.209800 ms  DeleteObjects: 0.038100 ms)

========================================================================
Received Prepare
Registering precompiled user dll's ...
Registered in 0.005387 seconds.
Begin MonoManager ReloadAssembly
Native extension for WindowsStandalone target not found
Refreshing native plugins compatible for Editor in 1.07 ms, found 2 plugins.
Preloading 0 native plugins for Editor in 0.00 ms.
Mono: successfully reloaded assembly
- Completed reload, in  1.376 seconds
Platform modules already initialized, skipping
Refreshing native plugins compatible for Editor in 0.94 ms, found 2 plugins.
Preloading 0 native plugins for Editor in 0.00 ms.
Unloading 1931 Unused Serialized files (Serialized files now loaded: 0)
System memory in use before: 83.4 MB.
System memory in use after: 83.5 MB.

Unloading 49 unused Assets to reduce memory usage. Loaded Objects now: 2358.
Total: 6.509000 ms (FindLiveObjects: 0.248200 ms CreateObjectMapping: 0.058300 ms MarkObjects: 6.161500 ms  DeleteObjects: 0.039400 ms)

========================================================================
Received Prepare
Registering precompiled user dll's ...
Registered in 0.006008 seconds.
Begin MonoManager ReloadAssembly
Native extension for WindowsStandalone target not found
Refreshing native plugins compatible for Editor in 0.84 ms, found 2 plugins.
Preloading 0 native plugins for Editor in 0.00 ms.
Mono: successfully reloaded assembly
- Completed reload, in  1.302 seconds
Platform modules already initialized, skipping
Refreshing native plugins compatible for Editor in 0.85 ms, found 2 plugins.
Preloading 0 native plugins for Editor in 0.00 ms.
Unloading 1931 Unused Serialized files (Serialized files now loaded: 0)
System memory in use before: 83.4 MB.
System memory in use after: 83.5 MB.

Unloading 49 unused Assets to reduce memory usage. Loaded Objects now: 2361.
Total: 6.289100 ms (FindLiveObjects: 0.216300 ms CreateObjectMapping: 0.056300 ms MarkObjects: 5.979100 ms  DeleteObjects: 0.036100 ms)

========================================================================
Received Prepare
Registering precompiled user dll's ...
Registered in 0.005617 seconds.
Begin MonoManager ReloadAssembly
Native extension for WindowsStandalone target not found
Refreshing native plugins compatible for Editor in 0.84 ms, found 2 plugins.
Preloading 0 native plugins for Editor in 0.00 ms.
Mono: successfully reloaded assembly
- Completed reload, in  1.300 seconds
Platform modules already initialized, skipping
Refreshing native plugins compatible for Editor in 0.87 ms, found 2 plugins.
Preloading 0 native plugins for Editor in 0.00 ms.
Unloading 1931 Unused Serialized files (Serialized files now loaded: 0)
System memory in use before: 83.4 MB.
System memory in use after: 83.5 MB.

Unloading 49 unused Assets to reduce memory usage. Loaded Objects now: 2364.
Total: 7.656400 ms (FindLiveObjects: 0.257000 ms CreateObjectMapping: 0.077100 ms MarkObjects: 7.283000 ms  DeleteObjects: 0.037700 ms)

========================================================================
Received Prepare
Registering precompiled user dll's ...
Registered in 0.005414 seconds.
Begin MonoManager ReloadAssembly
Native extension for WindowsStandalone target not found
Refreshing native plugins compatible for Editor in 0.86 ms, found 2 plugins.
Preloading 0 native plugins for Editor in 0.00 ms.
Mono: successfully reloaded assembly
- Completed reload, in  1.296 seconds
Platform modules already initialized, skipping
Refreshing native plugins compatible for Editor in 0.85 ms, found 2 plugins.
Preloading 0 native plugins for Editor in 0.00 ms.
Unloading 1931 Unused Serialized files (Serialized files now loaded: 0)
System memory in use before: 83.4 MB.
System memory in use after: 83.5 MB.

Unloading 49 unused Assets to reduce memory usage. Loaded Objects now: 2367.
Total: 6.412200 ms (FindLiveObjects: 0.218500 ms CreateObjectMapping: 0.055700 ms MarkObjects: 6.096800 ms  DeleteObjects: 0.039900 ms)

========================================================================
Received Prepare
Registering precompiled user dll's ...
Registered in 0.005713 seconds.
Begin MonoManager ReloadAssembly
Native extension for WindowsStandalone target not found
Refreshing native plugins compatible for Editor in 0.86 ms, found 2 plugins.
Preloading 0 native plugins for Editor in 0.00 ms.
Mono: successfully reloaded assembly
- Completed reload, in  1.354 seconds
Platform modules already initialized, skipping
Refreshing native plugins compatible for Editor in 0.87 ms, found 2 plugins.
Preloading 0 native plugins for Editor in 0.00 ms.
Unloading 1931 Unused Serialized files (Serialized files now loaded: 0)
System memory in use before: 83.4 MB.
System memory in use after: 83.5 MB.

Unloading 49 unused Assets to reduce memory usage. Loaded Objects now: 2370.
Total: 6.465500 ms (FindLiveObjects: 0.221500 ms CreateObjectMapping: 0.055700 ms MarkObjects: 6.152000 ms  DeleteObjects: 0.034600 ms)

========================================================================
Received Prepare
Registering precompiled user dll's ...
Registered in 0.005462 seconds.
Begin MonoManager ReloadAssembly
Native extension for WindowsStandalone target not found
Refreshing native plugins compatible for Editor in 0.86 ms, found 2 plugins.
Preloading 0 native plugins for Editor in 0.00 ms.
Mono: successfully reloaded assembly
- Completed reload, in  1.259 seconds
Platform modules already initialized, skipping
Refreshing native plugins compatible for Editor in 0.85 ms, found 2 plugins.
Preloading 0 native plugins for Editor in 0.00 ms.
Unloading 1931 Unused Serialized files (Serialized files now loaded: 0)
System memory in use before: 83.4 MB.
System memory in use after: 83.6 MB.

Unloading 49 unused Assets to reduce memory usage. Loaded Objects now: 2373.
Total: 6.322900 ms (FindLiveObjects: 0.221300 ms CreateObjectMapping: 0.054700 ms MarkObjects: 6.010900 ms  DeleteObjects: 0.034700 ms)

========================================================================
Received Prepare
Registering precompiled user dll's ...
Registered in 0.005565 seconds.
Begin MonoManager ReloadAssembly
Native extension for WindowsStandalone target not found
Refreshing native plugins compatible for Editor in 0.95 ms, found 2 plugins.
Preloading 0 native plugins for Editor in 0.00 ms.
Mono: successfully reloaded assembly
- Completed reload, in  1.282 seconds
Platform modules already initialized, skipping
Refreshing native plugins compatible for Editor in 0.86 ms, found 2 plugins.
Preloading 0 native plugins for Editor in 0.00 ms.
Unloading 1931 Unused Serialized files (Serialized files now loaded: 0)
System memory in use before: 83.5 MB.
System memory in use after: 83.6 MB.

Unloading 49 unused Assets to reduce memory usage. Loaded Objects now: 2376.
Total: 6.643800 ms (FindLiveObjects: 0.258600 ms CreateObjectMapping: 0.055900 ms MarkObjects: 6.285900 ms  DeleteObjects: 0.040900 ms)

========================================================================
Received Prepare
Registering precompiled user dll's ...
Registered in 0.005418 seconds.
Begin MonoManager ReloadAssembly
Native extension for WindowsStandalone target not found
Refreshing native plugins compatible for Editor in 1.68 ms, found 2 plugins.
Preloading 0 native plugins for Editor in 0.00 ms.
Mono: successfully reloaded assembly
- Completed reload, in  1.311 seconds
Platform modules already initialized, skipping
Refreshing native plugins compatible for Editor in 0.85 ms, found 2 plugins.
Preloading 0 native plugins for Editor in 0.00 ms.
Unloading 1931 Unused Serialized files (Serialized files now loaded: 0)
System memory in use before: 83.5 MB.
System memory in use after: 83.6 MB.

Unloading 49 unused Assets to reduce memory usage. Loaded Objects now: 2379.
Total: 6.212700 ms (FindLiveObjects: 0.220300 ms CreateObjectMapping: 0.056000 ms MarkObjects: 5.885900 ms  DeleteObjects: 0.049200 ms)

========================================================================
Received Prepare
Registering precompiled user dll's ...
Registered in 0.005591 seconds.
Begin MonoManager ReloadAssembly
Native extension for WindowsStandalone target not found
Refreshing native plugins compatible for Editor in 0.85 ms, found 2 plugins.
Preloading 0 native plugins for Editor in 0.00 ms.
Mono: successfully reloaded assembly
- Completed reload, in  1.295 seconds
Platform modules already initialized, skipping
Refreshing native plugins compatible for Editor in 0.92 ms, found 2 plugins.
Preloading 0 native plugins for Editor in 0.00 ms.
Unloading 1931 Unused Serialized files (Serialized files now loaded: 0)
System memory in use before: 83.5 MB.
System memory in use after: 83.6 MB.

Unloading 49 unused Assets to reduce memory usage. Loaded Objects now: 2382.
Total: 7.221600 ms (FindLiveObjects: 0.334200 ms CreateObjectMapping: 0.060600 ms MarkObjects: 6.782400 ms  DeleteObjects: 0.041500 ms)

========================================================================
Received Prepare
Registering precompiled user dll's ...
Registered in 0.005369 seconds.
Begin MonoManager ReloadAssembly
Native extension for WindowsStandalone target not found
Refreshing native plugins compatible for Editor in 1.68 ms, found 2 plugins.
Preloading 0 native plugins for Editor in 0.00 ms.
Mono: successfully reloaded assembly
- Completed reload, in  1.293 seconds
Platform modules already initialized, skipping
Refreshing native plugins compatible for Editor in 1.70 ms, found 2 plugins.
Preloading 0 native plugins for Editor in 0.00 ms.
Unloading 1931 Unused Serialized files (Serialized files now loaded: 0)
System memory in use before: 83.5 MB.
System memory in use after: 83.6 MB.

Unloading 49 unused Assets to reduce memory usage. Loaded Objects now: 2385.
Total: 7.515600 ms (FindLiveObjects: 0.258400 ms CreateObjectMapping: 0.070400 ms MarkObjects: 7.150900 ms  DeleteObjects: 0.033700 ms)

========================================================================
Received Import Request.
  Time since last request: 3767.661704 seconds.
  path: Assets/Prefabs/Fork.prefab
  artifactKey: Guid(a4fbb48a5f4e03542911f2c93678c453) Importer(815301076,1909f56bfc062723c751e8b465ee728b)
Start importing Assets/Prefabs/Fork.prefab using Guid(a4fbb48a5f4e03542911f2c93678c453) Importer(815301076,1909f56bfc062723c751e8b465ee728b)  -> (artifact id: '113d75c5852ef618bec2ecea704a4e1d') in 0.156789 seconds
  Import took 0.161000 seconds .

========================================================================
Received Prepare
Registering precompiled user dll's ...
Registered in 0.005647 seconds.
Begin MonoManager ReloadAssembly
Native extension for WindowsStandalone target not found
Refreshing native plugins compatible for Editor in 0.85 ms, found 2 plugins.
Preloading 0 native plugins for Editor in 0.00 ms.
Mono: successfully reloaded assembly
- Completed reload, in  1.309 seconds
Platform modules already initialized, skipping
Refreshing native plugins compatible for Editor in 0.88 ms, found 2 plugins.
Preloading 0 native plugins for Editor in 0.00 ms.
Unloading 1931 Unused Serialized files (Serialized files now loaded: 0)
System memory in use before: 83.5 MB.
System memory in use after: 83.6 MB.

Unloading 49 unused Assets to reduce memory usage. Loaded Objects now: 2389.
Total: 6.473500 ms (FindLiveObjects: 0.237600 ms CreateObjectMapping: 0.065800 ms MarkObjects: 6.131800 ms  DeleteObjects: 0.036800 ms)

========================================================================
Received Prepare
Registering precompiled user dll's ...
Registered in 0.005534 seconds.
Begin MonoManager ReloadAssembly
Native extension for WindowsStandalone target not found
Refreshing native plugins compatible for Editor in 0.86 ms, found 2 plugins.
Preloading 0 native plugins for Editor in 0.00 ms.
Mono: successfully reloaded assembly
- Completed reload, in  1.259 seconds
Platform modules already initialized, skipping
Refreshing native plugins compatible for Editor in 0.85 ms, found 2 plugins.
Preloading 0 native plugins for Editor in 0.00 ms.
Unloading 1931 Unused Serialized files (Serialized files now loaded: 0)
System memory in use before: 83.5 MB.
System memory in use after: 83.6 MB.

Unloading 49 unused Assets to reduce memory usage. Loaded Objects now: 2392.
Total: 7.732500 ms (FindLiveObjects: 0.262400 ms CreateObjectMapping: 0.082200 ms MarkObjects: 7.347800 ms  DeleteObjects: 0.038500 ms)

========================================================================
Received Import Request.
  Time since last request: 106.521498 seconds.
  path: Assets/Prefabs/Fork.prefab
  artifactKey: Guid(a4fbb48a5f4e03542911f2c93678c453) Importer(815301076,1909f56bfc062723c751e8b465ee728b)
Start importing Assets/Prefabs/Fork.prefab using Guid(a4fbb48a5f4e03542911f2c93678c453) Importer(815301076,1909f56bfc062723c751e8b465ee728b)  -> (artifact id: '4e9442a29d780ed7533243769b3201bf') in 0.083909 seconds
  Import took 0.090005 seconds .

========================================================================
Received Import Request.
  Time since last request: 7.006415 seconds.
  path: Assets/Prefabs/Fork.prefab
  artifactKey: Guid(a4fbb48a5f4e03542911f2c93678c453) Importer(815301076,1909f56bfc062723c751e8b465ee728b)
Start importing Assets/Prefabs/Fork.prefab using Guid(a4fbb48a5f4e03542911f2c93678c453) Importer(815301076,1909f56bfc062723c751e8b465ee728b)  -> (artifact id: 'dac5d0897dc00e7ca456ce58ecf430cd') in 0.024572 seconds
  Import took 0.030523 seconds .

========================================================================
Received Import Request.
  Time since last request: 13.563201 seconds.
  path: Assets/Prefabs/Fork.prefab
  artifactKey: Guid(a4fbb48a5f4e03542911f2c93678c453) Importer(815301076,1909f56bfc062723c751e8b465ee728b)
Start importing Assets/Prefabs/Fork.prefab using Guid(a4fbb48a5f4e03542911f2c93678c453) Importer(815301076,1909f56bfc062723c751e8b465ee728b)  -> (artifact id: '984734f8db787697a1a18a69c5cfe129') in 0.020521 seconds
  Import took 0.025205 seconds .

========================================================================
Received Prepare
Registering precompiled user dll's ...
Registered in 0.005501 seconds.
Begin MonoManager ReloadAssembly
Native extension for WindowsStandalone target not found
Refreshing native plugins compatible for Editor in 0.91 ms, found 2 plugins.
Preloading 0 native plugins for Editor in 0.00 ms.
Mono: successfully reloaded assembly
- Completed reload, in  1.320 seconds
Platform modules already initialized, skipping
Refreshing native plugins compatible for Editor in 0.89 ms, found 2 plugins.
Preloading 0 native plugins for Editor in 0.00 ms.
Unloading 1931 Unused Serialized files (Serialized files now loaded: 0)
System memory in use before: 83.6 MB.
System memory in use after: 83.7 MB.

Unloading 49 unused Assets to reduce memory usage. Loaded Objects now: 2396.
Total: 6.514000 ms (FindLiveObjects: 0.223300 ms CreateObjectMapping: 0.055700 ms MarkObjects: 6.197300 ms  DeleteObjects: 0.036200 ms)

========================================================================
Received Import Request.
  Time since last request: 79.594797 seconds.
  path: Assets/Prefabs/Fork.prefab
  artifactKey: Guid(a4fbb48a5f4e03542911f2c93678c453) Importer(815301076,1909f56bfc062723c751e8b465ee728b)
Start importing Assets/Prefabs/Fork.prefab using Guid(a4fbb48a5f4e03542911f2c93678c453) Importer(815301076,1909f56bfc062723c751e8b465ee728b)  -> (artifact id: '08418e0f9d6cbebf8841c74445995590') in 0.090933 seconds
  Import took 0.096932 seconds .

========================================================================
Received Prepare
Registering precompiled user dll's ...
Registered in 0.011410 seconds.
Begin MonoManager ReloadAssembly
Native extension for WindowsStandalone target not found
Refreshing native plugins compatible for Editor in 0.88 ms, found 2 plugins.
Preloading 0 native plugins for Editor in 0.00 ms.
Mono: successfully reloaded assembly
- Completed reload, in  1.313 seconds
Platform modules already initialized, skipping
Refreshing native plugins compatible for Editor in 0.86 ms, found 2 plugins.
Preloading 0 native plugins for Editor in 0.00 ms.
Unloading 1931 Unused Serialized files (Serialized files now loaded: 0)
System memory in use before: 83.6 MB.
System memory in use after: 83.7 MB.

Unloading 49 unused Assets to reduce memory usage. Loaded Objects now: 2400.
Total: 7.466000 ms (FindLiveObjects: 0.251200 ms CreateObjectMapping: 0.064800 ms MarkObjects: 7.109100 ms  DeleteObjects: 0.039600 ms)

========================================================================
Received Prepare
Registering precompiled user dll's ...
Registered in 0.006076 seconds.
Begin MonoManager ReloadAssembly
Native extension for WindowsStandalone target not found
Refreshing native plugins compatible for Editor in 0.90 ms, found 2 plugins.
Preloading 0 native plugins for Editor in 0.00 ms.
Mono: successfully reloaded assembly
- Completed reload, in  1.297 seconds
Platform modules already initialized, skipping
Refreshing native plugins compatible for Editor in 0.87 ms, found 2 plugins.
Preloading 0 native plugins for Editor in 0.00 ms.
Unloading 1931 Unused Serialized files (Serialized files now loaded: 0)
System memory in use before: 83.6 MB.
System memory in use after: 83.7 MB.

Unloading 49 unused Assets to reduce memory usage. Loaded Objects now: 2403.
Total: 6.656400 ms (FindLiveObjects: 0.226100 ms CreateObjectMapping: 0.056100 ms MarkObjects: 6.337400 ms  DeleteObjects: 0.035200 ms)

========================================================================
Received Prepare
Registering precompiled user dll's ...
Registered in 0.006457 seconds.
Begin MonoManager ReloadAssembly
Native extension for WindowsStandalone target not found
Refreshing native plugins compatible for Editor in 0.86 ms, found 2 plugins.
Preloading 0 native plugins for Editor in 0.00 ms.
Mono: successfully reloaded assembly
- Completed reload, in  1.313 seconds
Platform modules already initialized, skipping
Refreshing native plugins compatible for Editor in 0.84 ms, found 2 plugins.
Preloading 0 native plugins for Editor in 0.00 ms.
Unloading 1931 Unused Serialized files (Serialized files now loaded: 0)
System memory in use before: 83.6 MB.
System memory in use after: 83.7 MB.

Unloading 49 unused Assets to reduce memory usage. Loaded Objects now: 2406.
Total: 6.727800 ms (FindLiveObjects: 0.215500 ms CreateObjectMapping: 0.056700 ms MarkObjects: 6.415600 ms  DeleteObjects: 0.038400 ms)

========================================================================
Received Prepare
Registering precompiled user dll's ...
Registered in 0.006081 seconds.
Begin MonoManager ReloadAssembly
Native extension for WindowsStandalone target not found
Refreshing native plugins compatible for Editor in 0.85 ms, found 2 plugins.
Preloading 0 native plugins for Editor in 0.00 ms.
Mono: successfully reloaded assembly
- Completed reload, in  1.254 seconds
Platform modules already initialized, skipping
Refreshing native plugins compatible for Editor in 1.04 ms, found 2 plugins.
Preloading 0 native plugins for Editor in 0.00 ms.
Unloading 1931 Unused Serialized files (Serialized files now loaded: 0)
System memory in use before: 83.6 MB.
System memory in use after: 83.7 MB.

Unloading 49 unused Assets to reduce memory usage. Loaded Objects now: 2409.
Total: 7.131800 ms (FindLiveObjects: 0.301000 ms CreateObjectMapping: 0.072600 ms MarkObjects: 6.717600 ms  DeleteObjects: 0.038500 ms)

========================================================================
Received Import Request.
  Time since last request: 993.281677 seconds.
  path: Assets/Scenes/SampleScene.unity
  artifactKey: Guid(d2b650a9b0877cc46abf6a5ac76a7119) Importer(815301076,1909f56bfc062723c751e8b465ee728b)
Start importing Assets/Scenes/SampleScene.unity using Guid(d2b650a9b0877cc46abf6a5ac76a7119) Importer(815301076,1909f56bfc062723c751e8b465ee728b)  -> (artifact id: 'f66ccf5959fe04f409029a1b0279835a') in 0.018124 seconds
  Import took 0.021727 seconds .

========================================================================
Received Prepare
Registering precompiled user dll's ...
Registered in 0.005435 seconds.
Begin MonoManager ReloadAssembly
Native extension for WindowsStandalone target not found
Refreshing native plugins compatible for Editor in 0.84 ms, found 2 plugins.
Preloading 0 native plugins for Editor in 0.00 ms.
Mono: successfully reloaded assembly
- Completed reload, in  1.298 seconds
Platform modules already initialized, skipping
Refreshing native plugins compatible for Editor in 0.87 ms, found 2 plugins.
Preloading 0 native plugins for Editor in 0.00 ms.
Unloading 1931 Unused Serialized files (Serialized files now loaded: 0)
System memory in use before: 83.6 MB.
System memory in use after: 83.7 MB.

Unloading 49 unused Assets to reduce memory usage. Loaded Objects now: 2412.
Total: 6.685500 ms (FindLiveObjects: 0.238100 ms CreateObjectMapping: 0.057000 ms MarkObjects: 6.349200 ms  DeleteObjects: 0.039500 ms)

========================================================================
Received Import Request.
  Time since last request: 4.336116 seconds.
  path: Assets/Scenes/SampleScene.unity
  artifactKey: Guid(d2b650a9b0877cc46abf6a5ac76a7119) Importer(815301076,1909f56bfc062723c751e8b465ee728b)
Start importing Assets/Scenes/SampleScene.unity using Guid(d2b650a9b0877cc46abf6a5ac76a7119) Importer(815301076,1909f56bfc062723c751e8b465ee728b)  -> (artifact id: 'e307b10a6e9694b2d7af27bb02dfc556') in 0.014051 seconds
  Import took 0.017648 seconds .

========================================================================
Received Import Request.
  Time since last request: 134.612876 seconds.
  path: Assets/Materials
  artifactKey: Guid(b614424d2c7bfca4fbdb1f90293fdaf4) Importer(815301076,1909f56bfc062723c751e8b465ee728b)
Start importing Assets/Materials using Guid(b614424d2c7bfca4fbdb1f90293fdaf4) Importer(815301076,1909f56bfc062723c751e8b465ee728b)  -> (artifact id: '1ea808c38da611fce3fa974994b36896') in 0.005725 seconds
  Import took 0.009685 seconds .

========================================================================
Received Prepare
Registering precompiled user dll's ...
Registered in 0.005604 seconds.
Begin MonoManager ReloadAssembly
Native extension for WindowsStandalone target not found
Refreshing native plugins compatible for Editor in 0.87 ms, found 2 plugins.
Preloading 0 native plugins for Editor in 0.00 ms.
Mono: successfully reloaded assembly
- Completed reload, in  1.354 seconds
Platform modules already initialized, skipping
Refreshing native plugins compatible for Editor in 0.85 ms, found 2 plugins.
Preloading 0 native plugins for Editor in 0.00 ms.
Unloading 1931 Unused Serialized files (Serialized files now loaded: 0)
System memory in use before: 83.6 MB.
System memory in use after: 83.7 MB.

Unloading 49 unused Assets to reduce memory usage. Loaded Objects now: 2415.
Total: 6.609300 ms (FindLiveObjects: 0.302800 ms CreateObjectMapping: 0.057900 ms MarkObjects: 6.213400 ms  DeleteObjects: 0.033900 ms)

