Using pre-set license
Built from '2020.3/staging' branch; Version is '2020.3.11f1 (99c7afb366b3) revision 10078127'; Using compiler version '192528614'; Build Type 'Release'
OS: 'Windows 10 Pro; OS build 19042.1052; Version 2009; 64bit' Language: 'en' Physical Memory: 16320 MB
BatchMode: 1, IsHumanControllingUs: 0, StartBugReporterOnCrash: 0, Is64bit: 1, IsPro: 0

 COMMAND LINE ARGUMENTS:
D:\Game Dev\Unity\Engine\2020.3\2020.3.11f1\Editor\Unity.exe
-adb2
-batchMode
-noUpm
-name
AssetImportWorker0
-projectPath
D:/Game Dev/Unity/Projects/Tutorials/3D Sprite Test
-logFile
Logs/AssetImportWorker0.log
-srvPort
55928
Successfully changed project path to: D:/Game Dev/Unity/Projects/Tutorials/3D Sprite Test
D:/Game Dev/Unity/Projects/Tutorials/3D Sprite Test
Using Asset Import Pipeline V2.
Refreshing native plugins compatible for Editor in 73.25 ms, found 2 plugins.
Preloading 0 native plugins for Editor in 0.00 ms.
Initialize engine version: 2020.3.11f1 (99c7afb366b3)
[Subsystems] Discovering subsystems at path D:/Game Dev/Unity/Engine/2020.3/2020.3.11f1/Editor/Data/Resources/UnitySubsystems
[Subsystems] Discovering subsystems at path D:/Game Dev/Unity/Projects/Tutorials/3D Sprite Test/Assets
GfxDevice: creating device client; threaded=0
Direct3D:
    Version:  Direct3D 11.0 [level 11.1]
    Renderer: NVIDIA GeForce GTX 1080 (ID=0x1b80)
    Vendor:   
    VRAM:     8079 MB
    Driver:   27.21.14.6589
Initialize mono
Mono path[0] = 'D:/Game Dev/Unity/Engine/2020.3/2020.3.11f1/Editor/Data/Managed'
Mono path[1] = 'D:/Game Dev/Unity/Engine/2020.3/2020.3.11f1/Editor/Data/MonoBleedingEdge/lib/mono/unityjit'
Mono config path = 'D:/Game Dev/Unity/Engine/2020.3/2020.3.11f1/Editor/Data/MonoBleedingEdge/etc'
Using monoOptions --debugger-agent=transport=dt_socket,embedding=1,server=y,suspend=n,address=127.0.0.1:56256
Begin MonoManager ReloadAssembly
Registering precompiled unity dll's ...
Register platform support module: D:/Game Dev/Unity/Engine/2020.3/2020.3.11f1/Editor/Data/PlaybackEngines/WindowsStandaloneSupport/UnityEditor.WindowsStandalone.Extensions.dll
Registered in 0.001920 seconds.
Native extension for WindowsStandalone target not found
Refreshing native plugins compatible for Editor in 55.36 ms, found 2 plugins.
Preloading 0 native plugins for Editor in 0.00 ms.
Mono: successfully reloaded assembly
- Completed reload, in  2.108 seconds
Platform modules already initialized, skipping
Registering precompiled user dll's ...
Registered in 0.005847 seconds.
Begin MonoManager ReloadAssembly
Native extension for WindowsStandalone target not found
Refreshing native plugins compatible for Editor in 0.90 ms, found 2 plugins.
Preloading 0 native plugins for Editor in 0.00 ms.
Mono: successfully reloaded assembly
- Completed reload, in  1.494 seconds
Platform modules already initialized, skipping
========================================================================
Worker process is ready to serve import requests
Launched and connected shader compiler UnityShaderCompiler.exe after 0.10 seconds
Refreshing native plugins compatible for Editor in 1.00 ms, found 2 plugins.
Preloading 0 native plugins for Editor in 0.00 ms.
Unloading 1948 Unused Serialized files (Serialized files now loaded: 0)
System memory in use before: 81.2 MB.
System memory in use after: 81.3 MB.

Unloading 59 unused Assets to reduce memory usage. Loaded Objects now: 2353.
Total: 6.846500 ms (FindLiveObjects: 0.243200 ms CreateObjectMapping: 0.060100 ms MarkObjects: 6.427300 ms  DeleteObjects: 0.114000 ms)

========================================================================
Received Import Request.
  path: Assets/Stylized Water For URP/Manual.pdf
  artifactKey: Guid(bd7dfec09e1a82a40867d5c21d314147) Importer(815301076,1909f56bfc062723c751e8b465ee728b)
Start importing Assets/Stylized Water For URP/Manual.pdf using Guid(bd7dfec09e1a82a40867d5c21d314147) Importer(815301076,1909f56bfc062723c751e8b465ee728b)  -> (artifact id: 'a2ece1f6b3fea72326eaa9aa7dc274e6') in 0.054004 seconds
  Import took 0.057850 seconds .

========================================================================
Received Import Request.
  Time since last request: 14432.369655 seconds.
  path: Assets/Stylized Water For URP
  artifactKey: Guid(3a7677f25a64f08459136b24eccbdb22) Importer(815301076,1909f56bfc062723c751e8b465ee728b)
Start importing Assets/Stylized Water For URP using Guid(3a7677f25a64f08459136b24eccbdb22) Importer(815301076,1909f56bfc062723c751e8b465ee728b)  -> (artifact id: '3657a3d167cb32df46ddcfd44a478bdc') in 0.009882 seconds
  Import took 0.069400 seconds .

========================================================================
Received Prepare
Registering precompiled user dll's ...
Registered in 0.011430 seconds.
Begin MonoManager ReloadAssembly
Native extension for WindowsStandalone target not found
Refreshing native plugins compatible for Editor in 0.88 ms, found 2 plugins.
Preloading 0 native plugins for Editor in 0.00 ms.
Mono: successfully reloaded assembly
- Completed reload, in  1.420 seconds
Platform modules already initialized, skipping
Refreshing native plugins compatible for Editor in 0.87 ms, found 2 plugins.
Preloading 0 native plugins for Editor in 0.00 ms.
Unloading 1931 Unused Serialized files (Serialized files now loaded: 0)
System memory in use before: 80.5 MB.
System memory in use after: 80.6 MB.

Unloading 49 unused Assets to reduce memory usage. Loaded Objects now: 2356.
Total: 8.447100 ms (FindLiveObjects: 0.302500 ms CreateObjectMapping: 0.067300 ms MarkObjects: 8.028000 ms  DeleteObjects: 0.046400 ms)

AssetImportWorkerClient::OnTransportError - code=2 error=End of file
